2018-08-27 06:39:43,562 INFO o.a.j.u.JMeterUtils: Setting Locale to en_EN
2018-08-27 06:39:43,753 INFO o.a.j.JMeter: Loading user properties from: user.properties
2018-08-27 06:39:43,793 INFO o.a.j.JMeter: Loading system properties from: system.properties
2018-08-27 06:39:43,801 INFO o.a.j.JMeter: Copyright (c) 1998-2018 The Apache Software Foundation
2018-08-27 06:39:43,801 INFO o.a.j.JMeter: Version 4.0 r1823414
2018-08-27 06:39:43,801 INFO o.a.j.JMeter: java.version=1.8.0_171
2018-08-27 06:39:43,801 INFO o.a.j.JMeter: java.vm.name=Java HotSpot(TM) 64-Bit Server VM
2018-08-27 06:39:43,801 INFO o.a.j.JMeter: os.name=Mac OS X
2018-08-27 06:39:43,801 INFO o.a.j.JMeter: os.arch=x86_64
2018-08-27 06:39:43,801 INFO o.a.j.JMeter: os.version=10.13.6
2018-08-27 06:39:43,801 INFO o.a.j.JMeter: file.encoding=UTF-8
2018-08-27 06:39:43,802 INFO o.a.j.JMeter: Max memory     =1073741824
2018-08-27 06:39:43,802 INFO o.a.j.JMeter: Available Processors =4
2018-08-27 06:39:43,809 INFO o.a.j.JMeter: Default Locale=English (EN)
2018-08-27 06:39:43,809 INFO o.a.j.JMeter: JMeter  Locale=English (EN)
2018-08-27 06:39:43,809 INFO o.a.j.JMeter: JMeterHome=/Users/hasan/sandbox/personal/cakejmeter/apache-jmeter-4.0
2018-08-27 06:39:43,809 INFO o.a.j.JMeter: user.dir  =/Users/hasan/sandbox/personal/cakejmeter/apache-jmeter-4.0/bin
2018-08-27 06:39:43,810 INFO o.a.j.JMeter: PWD       =/Users/hasan/sandbox/personal/cakejmeter/apache-jmeter-4.0/bin
2018-08-27 06:39:43,811 INFO o.a.j.JMeter: IP: 192.168.1.5 Name: SEGOTLPMRD005 FullName: segotlpmrd005
2018-08-27 06:39:52,279 INFO o.a.j.g.a.LookAndFeelCommand: Installing Darcula LAF
2018-08-27 06:39:52,305 INFO o.a.j.g.a.LookAndFeelCommand: Using look and feel: com.bulenkov.darcula.DarculaLaf [Darcula]
2018-08-27 06:39:52,306 INFO o.a.j.JMeter: Setting LAF to: com.bulenkov.darcula.DarculaLaf
2018-08-27 06:39:52,423 INFO o.a.j.JMeter: Loaded icon properties from org/apache/jmeter/images/icon.properties
2018-08-27 06:39:53,096 INFO o.a.j.e.u.CompoundVariable: Note: Function class names must contain the string: '.functions.'
2018-08-27 06:39:53,096 INFO o.a.j.e.u.CompoundVariable: Note: Function class names must not contain the string: '.gui.'
2018-08-27 06:39:55,373 INFO o.a.j.p.h.s.HTTPSamplerBase: Parser for text/html is org.apache.jmeter.protocol.http.parser.LagartoBasedHtmlParser
2018-08-27 06:39:55,374 INFO o.a.j.p.h.s.HTTPSamplerBase: Parser for application/xhtml+xml is org.apache.jmeter.protocol.http.parser.LagartoBasedHtmlParser
2018-08-27 06:39:55,375 INFO o.a.j.p.h.s.HTTPSamplerBase: Parser for application/xml is org.apache.jmeter.protocol.http.parser.LagartoBasedHtmlParser
2018-08-27 06:39:55,375 INFO o.a.j.p.h.s.HTTPSamplerBase: Parser for text/xml is org.apache.jmeter.protocol.http.parser.LagartoBasedHtmlParser
2018-08-27 06:39:55,375 INFO o.a.j.p.h.s.HTTPSamplerBase: Parser for text/vnd.wap.wml is org.apache.jmeter.protocol.http.parser.RegexpHTMLParser
2018-08-27 06:39:55,375 INFO o.a.j.p.h.s.HTTPSamplerBase: Parser for text/css is org.apache.jmeter.protocol.http.parser.CssParser
2018-08-27 06:39:56,026 INFO o.a.j.e.KeyToolUtils: keytool found at 'keytool'
2018-08-27 06:39:56,027 INFO o.a.j.p.h.p.ProxyControl: HTTP(S) Test Script Recorder SSL Proxy will use keys that support embedded 3rd party resources in file /Users/hasan/sandbox/personal/cakejmeter/apache-jmeter-4.0/bin/proxyserver.jks
2018-08-27 06:39:56,227 INFO o.a.j.s.FileServer: Default base='/Users/hasan/sandbox/personal/cakejmeter/apache-jmeter-4.0/bin'
2018-08-27 06:39:56,640 INFO o.a.j.s.SampleResult: Note: Sample TimeStamps are START times
2018-08-27 06:39:56,640 INFO o.a.j.s.SampleResult: sampleresult.default.encoding is set to ISO-8859-1
2018-08-27 06:39:56,640 INFO o.a.j.s.SampleResult: sampleresult.useNanoTime=true
2018-08-27 06:39:56,640 INFO o.a.j.s.SampleResult: sampleresult.nanoThreadSleep=5000
